Using pre-set license
Built from '2020.3/staging' branch; Version is '2020.3.8f1 (507919d4fff5) revision 5273881'; Using compiler version '192528614'; Build Type 'Release'
OS: 'Windows 10 Home; OS build 19042.1052; Version 2009; 64bit' Language: 'ru' Physical Memory: 8155 MB
BatchMode: 1, IsHumanControllingUs: 0, StartBugReporterOnCrash: 0, Is64bit: 1, IsPro: 0

 COMMAND LINE ARGUMENTS:
C:\Program Files\Unity\Hub\Editor\2020.3.8f1\Editor\Unity.exe
-adb2
-batchMode
-noUpm
-name
AssetImportWorker0
-projectPath
C:/Users/SASHA/Documents/PixelDrift
-logFile
Logs/AssetImportWorker0.log
-srvPort
58895
Successfully changed project path to: C:/Users/SASHA/Documents/PixelDrift
C:/Users/SASHA/Documents/PixelDrift
Using Asset Import Pipeline V2.
Refreshing native plugins compatible for Editor in 52.89 ms, found 1 plugins.
Preloading 0 native plugins for Editor in 0.00 ms.
Initialize engine version: 2020.3.8f1 (507919d4fff5)
[Subsystems] Discovering subsystems at path C:/Program Files/Unity/Hub/Editor/2020.3.8f1/Editor/Data/Resources/UnitySubsystems
[Subsystems] Discovering subsystems at path C:/Users/SASHA/Documents/PixelDrift/Assets
GfxDevice: creating device client; threaded=0
Direct3D:
    Version:  Direct3D 11.0 [level 11.1]
    Renderer: NVIDIA GeForce GTX 1060 3GB (ID=0x1c02)
    Vendor:   
    VRAM:     2988 MB
    Driver:   27.21.14.5671
Initialize mono
Mono path[0] = 'C:/Program Files/Unity/Hub/Editor/2020.3.8f1/Editor/Data/Managed'
Mono path[1] = 'C:/Program Files/Unity/Hub/Editor/2020.3.8f1/Editor/Data/MonoBleedingEdge/lib/mono/unityjit'
Mono config path = 'C:/Program Files/Unity/Hub/Editor/2020.3.8f1/Editor/Data/MonoBleedingEdge/etc'
Using monoOptions --debugger-agent=transport=dt_socket,embedding=1,server=y,suspend=n,address=127.0.0.1:56836
Begin MonoManager ReloadAssembly
Registering precompiled unity dll's ...
Register platform support module: C:/Program Files/Unity/Hub/Editor/2020.3.8f1/Editor/Data/PlaybackEngines/WebGLSupport/UnityEditor.WebGL.Extensions.dll
Register platform support module: C:/Program Files/Unity/Hub/Editor/2020.3.8f1/Editor/Data/PlaybackEngines/WindowsStandaloneSupport/UnityEditor.WindowsStandalone.Extensions.dll
Registered in 0.003339 seconds.
Native extension for WindowsStandalone target not found
Native extension for WebGL target not found
Refreshing native plugins compatible for Editor in 54.83 ms, found 1 plugins.
Preloading 0 native plugins for Editor in 0.00 ms.
Mono: successfully reloaded assembly
- Completed reload, in  2.643 seconds
Platform modules already initialized, skipping
Registering precompiled user dll's ...
Registered in 0.001608 seconds.
Begin MonoManager ReloadAssembly
Native extension for WindowsStandalone target not found
Native extension for WebGL target not found
Refreshing native plugins compatible for Editor in 53.04 ms, found 1 plugins.
Preloading 0 native plugins for Editor in 0.00 ms.
Mono: successfully reloaded assembly
- Completed reload, in  1.380 seconds
Platform modules already initialized, skipping
========================================================================
Worker process is ready to serve import requests
Launched and connected shader compiler UnityShaderCompiler.exe after 0.04 seconds
Refreshing native plugins compatible for Editor in 0.55 ms, found 1 plugins.
Preloading 0 native plugins for Editor in 0.00 ms.
Unloading 1944 Unused Serialized files (Serialized files now loaded: 0)
System memory in use before: 94.1 MB.
System memory in use after: 94.1 MB.

Unloading 19 unused Assets to reduce memory usage. Loaded Objects now: 2395.
Total: 2.317700 ms (FindLiveObjects: 0.195100 ms CreateObjectMapping: 0.083200 ms MarkObjects: 1.957200 ms  DeleteObjects: 0.080600 ms)

========================================================================
Received Import Request.
  path: Assets/Materials/New Material.mat
  artifactKey: Guid(0cd8833a95e2bf041ba4c8efc56dc378) Importer(815301076,1909f56bfc062723c751e8b465ee728b)
Start importing Assets/Materials/New Material.mat using Guid(0cd8833a95e2bf041ba4c8efc56dc378) Importer(815301076,1909f56bfc062723c751e8b465ee728b)  -> (artifact id: 'f987161e73dfe1eb0bb568fc87751ea5') in 0.424195 seconds
  Import took 0.428171 seconds .

========================================================================
Received Import Request.
  Time since last request: 0.000273 seconds.
  path: Assets/Fonts/362_LCDNOVA.ttf
  artifactKey: Guid(e98b40dc674d2ba40ad1b3d07aec9c11) Importer(815301076,1909f56bfc062723c751e8b465ee728b)
Start importing Assets/Fonts/362_LCDNOVA.ttf using Guid(e98b40dc674d2ba40ad1b3d07aec9c11) Importer(815301076,1909f56bfc062723c751e8b465ee728b)  -> (artifact id: 'd59a36e617659782071999cabde2f527') in 0.077022 seconds
  Import took 0.082144 seconds .

========================================================================
Received Import Request.
  Time since last request: 0.000222 seconds.
  path: Assets/Prefabs/Coin 1 1.prefab
  artifactKey: Guid(d633d9619085cba47aa7638307c17a7e) Importer(815301076,1909f56bfc062723c751e8b465ee728b)
Start importing Assets/Prefabs/Coin 1 1.prefab using Guid(d633d9619085cba47aa7638307c17a7e) Importer(815301076,1909f56bfc062723c751e8b465ee728b)  -> (artifact id: '14c273e49889013a3f32c710301fbf66') in 0.033085 seconds
  Import took 0.036801 seconds .

========================================================================
Received Import Request.
  Time since last request: 0.000283 seconds.
  path: Assets/Materials/New Material 1.mat
  artifactKey: Guid(45e2b1ddde39f6d4d9e71df60608708a) Importer(815301076,1909f56bfc062723c751e8b465ee728b)
Start importing Assets/Materials/New Material 1.mat using Guid(45e2b1ddde39f6d4d9e71df60608708a) Importer(815301076,1909f56bfc062723c751e8b465ee728b)  -> (artifact id: 'b3957e9720d6d1bbd56be7c7a840fc29') in 0.111201 seconds
  Import took 0.115791 seconds .

========================================================================
Received Import Request.
  Time since last request: 0.000239 seconds.
  path: Assets/Prefabs/Coin 1 1.prefab
  artifactKey: Guid(d633d9619085cba47aa7638307c17a7e) Importer(815301076,1909f56bfc062723c751e8b465ee728b)
Start importing Assets/Prefabs/Coin 1 1.prefab using Guid(d633d9619085cba47aa7638307c17a7e) Importer(815301076,1909f56bfc062723c751e8b465ee728b)  -> (artifact id: '14c273e49889013a3f32c710301fbf66') in 0.009216 seconds
  Import took 0.013032 seconds .

========================================================================
Received Import Request.
  Time since last request: 0.000216 seconds.
  path: Assets/Prefabs/Fuel.prefab
  artifactKey: Guid(e13555ba91103b94293878493d32c110) Importer(815301076,1909f56bfc062723c751e8b465ee728b)
Start importing Assets/Prefabs/Fuel.prefab using Guid(e13555ba91103b94293878493d32c110) Importer(815301076,1909f56bfc062723c751e8b465ee728b)  -> (artifact id: 'da766074ca54a979412e38d9e134a98c') in 0.014076 seconds
  Import took 0.018185 seconds .

========================================================================
Received Import Request.
  Time since last request: 44.895288 seconds.
  path: Assets/Prefabs/Coin 1 1.prefab
  artifactKey: Guid(d633d9619085cba47aa7638307c17a7e) Importer(815301076,1909f56bfc062723c751e8b465ee728b)
Start importing Assets/Prefabs/Coin 1 1.prefab using Guid(d633d9619085cba47aa7638307c17a7e) Importer(815301076,1909f56bfc062723c751e8b465ee728b)  -> (artifact id: 'd10744e287aaf17d48113db0c907d0d9') in 0.015272 seconds
  Import took 0.021073 seconds .

========================================================================
Received Import Request.
  Time since last request: 0.045055 seconds.
  path: Assets/Prefabs/Coin 1 1.prefab
  artifactKey: Guid(d633d9619085cba47aa7638307c17a7e) Importer(815301076,1909f56bfc062723c751e8b465ee728b)
Start importing Assets/Prefabs/Coin 1 1.prefab using Guid(d633d9619085cba47aa7638307c17a7e) Importer(815301076,1909f56bfc062723c751e8b465ee728b)  -> (artifact id: 'd10744e287aaf17d48113db0c907d0d9') in 0.010528 seconds
  Import took 0.015480 seconds .

========================================================================
Received Prepare
Registering precompiled user dll's ...
Registered in 0.001907 seconds.
Begin MonoManager ReloadAssembly
Native extension for WindowsStandalone target not found
Native extension for WebGL target not found
Refreshing native plugins compatible for Editor in 0.54 ms, found 1 plugins.
Preloading 0 native plugins for Editor in 0.00 ms.
Mono: successfully reloaded assembly
- Completed reload, in  1.154 seconds
Platform modules already initialized, skipping
Refreshing native plugins compatible for Editor in 0.61 ms, found 1 plugins.
Preloading 0 native plugins for Editor in 0.00 ms.
Unloading 1907 Unused Serialized files (Serialized files now loaded: 0)
System memory in use before: 94.4 MB.
System memory in use after: 94.5 MB.

Unloading 11 unused Assets to reduce memory usage. Loaded Objects now: 2443.
Total: 3.166000 ms (FindLiveObjects: 0.191200 ms CreateObjectMapping: 0.078500 ms MarkObjects: 1.948400 ms  DeleteObjects: 0.946600 ms)

========================================================================
Received Import Request.
  Time since last request: 233.524976 seconds.
  path: Assets/Prefabs/Coin 1 1.prefab
  artifactKey: Guid(d633d9619085cba47aa7638307c17a7e) Importer(815301076,1909f56bfc062723c751e8b465ee728b)
Start importing Assets/Prefabs/Coin 1 1.prefab using Guid(d633d9619085cba47aa7638307c17a7e) Importer(815301076,1909f56bfc062723c751e8b465ee728b)  -> (artifact id: '3b253c54d0eadba857a2ff868bd6007d') in 0.067684 seconds
  Import took 0.072142 seconds .

========================================================================
Received Import Request.
  Time since last request: 6.085511 seconds.
  path: Assets/Prefabs/Coin 1 1.prefab
  artifactKey: Guid(d633d9619085cba47aa7638307c17a7e) Importer(815301076,1909f56bfc062723c751e8b465ee728b)
Start importing Assets/Prefabs/Coin 1 1.prefab using Guid(d633d9619085cba47aa7638307c17a7e) Importer(815301076,1909f56bfc062723c751e8b465ee728b)  -> (artifact id: '738e7ec49ac94fb59603bbc91899a967') in 0.011172 seconds
  Import took 0.016214 seconds .

========================================================================
Received Prepare
Registering precompiled user dll's ...
Registered in 0.001424 seconds.
Begin MonoManager ReloadAssembly
Native extension for WindowsStandalone target not found
Native extension for WebGL target not found
Refreshing native plugins compatible for Editor in 0.56 ms, found 1 plugins.
Preloading 0 native plugins for Editor in 0.00 ms.
Mono: successfully reloaded assembly
- Completed reload, in  1.183 seconds
Platform modules already initialized, skipping
Refreshing native plugins compatible for Editor in 0.61 ms, found 1 plugins.
Preloading 0 native plugins for Editor in 0.00 ms.
Unloading 1907 Unused Serialized files (Serialized files now loaded: 0)
System memory in use before: 94.4 MB.
System memory in use after: 94.5 MB.

Unloading 9 unused Assets to reduce memory usage. Loaded Objects now: 2448.
Total: 2.407700 ms (FindLiveObjects: 0.195000 ms CreateObjectMapping: 0.077000 ms MarkObjects: 2.023000 ms  DeleteObjects: 0.111200 ms)

========================================================================
Received Prepare
Registering precompiled user dll's ...
Registered in 0.001367 seconds.
Begin MonoManager ReloadAssembly
Native extension for WindowsStandalone target not found
Native extension for WebGL target not found
Refreshing native plugins compatible for Editor in 0.58 ms, found 1 plugins.
Preloading 0 native plugins for Editor in 0.00 ms.
Mono: successfully reloaded assembly
- Completed reload, in  1.178 seconds
Platform modules already initialized, skipping
Refreshing native plugins compatible for Editor in 0.64 ms, found 1 plugins.
Preloading 0 native plugins for Editor in 0.00 ms.
Unloading 1907 Unused Serialized files (Serialized files now loaded: 0)
System memory in use before: 94.4 MB.
System memory in use after: 94.6 MB.

Unloading 7 unused Assets to reduce memory usage. Loaded Objects now: 2452.
Total: 2.596700 ms (FindLiveObjects: 0.220400 ms CreateObjectMapping: 0.076100 ms MarkObjects: 2.271900 ms  DeleteObjects: 0.026600 ms)

========================================================================
Received Import Request.
  Time since last request: 117.631238 seconds.
  path: Assets/Scripts/Coin.cs
  artifactKey: Guid(295a9eb9bfa23a647888bd00782e7ef8) Importer(815301076,1909f56bfc062723c751e8b465ee728b)
Start importing Assets/Scripts/Coin.cs using Guid(295a9eb9bfa23a647888bd00782e7ef8) Importer(815301076,1909f56bfc062723c751e8b465ee728b)  -> (artifact id: '7fef8d50a1e4d5c584092cb14a81a673') in 0.016448 seconds
  Import took 0.020875 seconds .

========================================================================
Received Prepare
Registering precompiled user dll's ...
Registered in 0.001624 seconds.
Begin MonoManager ReloadAssembly
Native extension for WindowsStandalone target not found
Native extension for WebGL target not found
Refreshing native plugins compatible for Editor in 0.56 ms, found 1 plugins.
Preloading 0 native plugins for Editor in 0.00 ms.
Mono: successfully reloaded assembly
- Completed reload, in  1.188 seconds
Platform modules already initialized, skipping
Refreshing native plugins compatible for Editor in 0.60 ms, found 1 plugins.
Preloading 0 native plugins for Editor in 0.00 ms.
Unloading 1907 Unused Serialized files (Serialized files now loaded: 0)
System memory in use before: 94.5 MB.
System memory in use after: 94.6 MB.

Unloading 7 unused Assets to reduce memory usage. Loaded Objects now: 2456.
Total: 2.270200 ms (FindLiveObjects: 0.185500 ms CreateObjectMapping: 0.076300 ms MarkObjects: 1.989500 ms  DeleteObjects: 0.017300 ms)

========================================================================
Received Prepare
Registering precompiled user dll's ...
Registered in 0.001429 seconds.
Begin MonoManager ReloadAssembly
Native extension for WindowsStandalone target not found
Native extension for WebGL target not found
Refreshing native plugins compatible for Editor in 0.54 ms, found 1 plugins.
Preloading 0 native plugins for Editor in 0.00 ms.
Mono: successfully reloaded assembly
- Completed reload, in  1.180 seconds
Platform modules already initialized, skipping
Refreshing native plugins compatible for Editor in 0.55 ms, found 1 plugins.
Preloading 0 native plugins for Editor in 0.00 ms.
Unloading 1907 Unused Serialized files (Serialized files now loaded: 0)
System memory in use before: 94.5 MB.
System memory in use after: 94.6 MB.

Unloading 7 unused Assets to reduce memory usage. Loaded Objects now: 2460.
Total: 2.352700 ms (FindLiveObjects: 0.202300 ms CreateObjectMapping: 0.079200 ms MarkObjects: 2.044600 ms  DeleteObjects: 0.025200 ms)

========================================================================
Received Prepare
Registering precompiled user dll's ...
Registered in 0.001453 seconds.
Begin MonoManager ReloadAssembly
Native extension for WindowsStandalone target not found
Native extension for WebGL target not found
Refreshing native plugins compatible for Editor in 0.56 ms, found 1 plugins.
Preloading 0 native plugins for Editor in 0.00 ms.
Mono: successfully reloaded assembly
- Completed reload, in  1.160 seconds
Platform modules already initialized, skipping
Refreshing native plugins compatible for Editor in 0.57 ms, found 1 plugins.
Preloading 0 native plugins for Editor in 0.00 ms.
Unloading 1907 Unused Serialized files (Serialized files now loaded: 0)
System memory in use before: 94.5 MB.
System memory in use after: 94.6 MB.

Unloading 7 unused Assets to reduce memory usage. Loaded Objects now: 2464.
Total: 2.191100 ms (FindLiveObjects: 0.191800 ms CreateObjectMapping: 0.075900 ms MarkObjects: 1.896800 ms  DeleteObjects: 0.025000 ms)

========================================================================
Received Prepare
Registering precompiled user dll's ...
Registered in 0.001533 seconds.
Begin MonoManager ReloadAssembly
Native extension for WindowsStandalone target not found
Native extension for WebGL target not found
Refreshing native plugins compatible for Editor in 0.54 ms, found 1 plugins.
Preloading 0 native plugins for Editor in 0.00 ms.
Mono: successfully reloaded assembly
- Completed reload, in  1.178 seconds
Platform modules already initialized, skipping
Refreshing native plugins compatible for Editor in 0.59 ms, found 1 plugins.
Preloading 0 native plugins for Editor in 0.00 ms.
Unloading 1907 Unused Serialized files (Serialized files now loaded: 0)
System memory in use before: 94.5 MB.
System memory in use after: 94.6 MB.

Unloading 7 unused Assets to reduce memory usage. Loaded Objects now: 2468.
Total: 2.331200 ms (FindLiveObjects: 0.202200 ms CreateObjectMapping: 0.075900 ms MarkObjects: 2.034700 ms  DeleteObjects: 0.016900 ms)

========================================================================
Received Import Request.
  Time since last request: 269.331306 seconds.
  path: Assets
  artifactKey: Guid(00000000000000001000000000000000) Importer(815301076,1909f56bfc062723c751e8b465ee728b)
Start importing Assets using Guid(00000000000000001000000000000000) Importer(815301076,1909f56bfc062723c751e8b465ee728b)  -> (artifact id: '42d402b061de3733987d63b9cc3b64de') in 0.012880 seconds
  Import took 0.017448 seconds .

========================================================================
Received Import Request.
  Time since last request: 9.681392 seconds.
  path: Assets/Particles
  artifactKey: Guid(c2e60c587fa0e4d44be8d42294bd6daa) Importer(815301076,1909f56bfc062723c751e8b465ee728b)
Start importing Assets/Particles using Guid(c2e60c587fa0e4d44be8d42294bd6daa) Importer(815301076,1909f56bfc062723c751e8b465ee728b)  -> (artifact id: 'a8c6131ed4c291f9881d615656762849') in 0.008505 seconds
  Import took 0.012442 seconds .

========================================================================
Received Prepare
Registering precompiled user dll's ...
Registered in 0.001374 seconds.
Begin MonoManager ReloadAssembly
Native extension for WindowsStandalone target not found
Native extension for WebGL target not found
Refreshing native plugins compatible for Editor in 0.64 ms, found 1 plugins.
Preloading 0 native plugins for Editor in 0.00 ms.
Mono: successfully reloaded assembly
- Completed reload, in  1.173 seconds
Platform modules already initialized, skipping
Refreshing native plugins compatible for Editor in 0.64 ms, found 1 plugins.
Preloading 0 native plugins for Editor in 0.00 ms.
Unloading 1907 Unused Serialized files (Serialized files now loaded: 0)
System memory in use before: 94.5 MB.
System memory in use after: 94.6 MB.

Unloading 7 unused Assets to reduce memory usage. Loaded Objects now: 2472.
Total: 2.323200 ms (FindLiveObjects: 0.228500 ms CreateObjectMapping: 0.074600 ms MarkObjects: 1.989000 ms  DeleteObjects: 0.029000 ms)

========================================================================
Received Prepare
Registering precompiled user dll's ...
Registered in 0.001413 seconds.
Begin MonoManager ReloadAssembly
Native extension for WindowsStandalone target not found
Native extension for WebGL target not found
Refreshing native plugins compatible for Editor in 0.64 ms, found 1 plugins.
Preloading 0 native plugins for Editor in 0.00 ms.
Mono: successfully reloaded assembly
- Completed reload, in  1.193 seconds
Platform modules already initialized, skipping
Refreshing native plugins compatible for Editor in 0.57 ms, found 1 plugins.
Preloading 0 native plugins for Editor in 0.00 ms.
Unloading 1907 Unused Serialized files (Serialized files now loaded: 0)
System memory in use before: 94.5 MB.
System memory in use after: 94.6 MB.

Unloading 7 unused Assets to reduce memory usage. Loaded Objects now: 2476.
Total: 2.541200 ms (FindLiveObjects: 0.211700 ms CreateObjectMapping: 0.075700 ms MarkObjects: 2.225600 ms  DeleteObjects: 0.026400 ms)

========================================================================
Received Import Request.
  Time since last request: 477.789324 seconds.
  path: Assets/Prefabs
  artifactKey: Guid(ec558f02d8f8bc24aa61cc0a2518d907) Importer(815301076,1909f56bfc062723c751e8b465ee728b)
Start importing Assets/Prefabs using Guid(ec558f02d8f8bc24aa61cc0a2518d907) Importer(815301076,1909f56bfc062723c751e8b465ee728b)  -> (artifact id: '4f006822b46289a47c7882d8fea3fdde') in 0.013180 seconds
  Import took 0.017890 seconds .

========================================================================
Received Prepare
Registering precompiled user dll's ...
Registered in 0.001464 seconds.
Begin MonoManager ReloadAssembly
Native extension for WindowsStandalone target not found
Native extension for WebGL target not found
Refreshing native plugins compatible for Editor in 0.82 ms, found 1 plugins.
Preloading 0 native plugins for Editor in 0.00 ms.
Mono: successfully reloaded assembly
- Completed reload, in  1.198 seconds
Platform modules already initialized, skipping
Refreshing native plugins compatible for Editor in 0.63 ms, found 1 plugins.
Preloading 0 native plugins for Editor in 0.00 ms.
Unloading 1907 Unused Serialized files (Serialized files now loaded: 0)
System memory in use before: 94.5 MB.
System memory in use after: 94.6 MB.

Unloading 7 unused Assets to reduce memory usage. Loaded Objects now: 2480.
Total: 2.627500 ms (FindLiveObjects: 0.201200 ms CreateObjectMapping: 0.074400 ms MarkObjects: 2.330700 ms  DeleteObjects: 0.019400 ms)

========================================================================
Received Import Request.
  Time since last request: 22.797518 seconds.
  path: Assets/Prefabs/Coin 1 1.prefab
  artifactKey: Guid(d633d9619085cba47aa7638307c17a7e) Importer(815301076,1909f56bfc062723c751e8b465ee728b)
Start importing Assets/Prefabs/Coin 1 1.prefab using Guid(d633d9619085cba47aa7638307c17a7e) Importer(815301076,1909f56bfc062723c751e8b465ee728b)  -> (artifact id: '471a470177ac2e46d93b41e158afee7e') in 0.094582 seconds
  Import took 0.099530 seconds .

========================================================================
Received Import Request.
  Time since last request: 8.805600 seconds.
  path: Assets/Particles/Particle System.prefab
  artifactKey: Guid(54efecca0dfdd214f9bbfd594c01e47d) Importer(815301076,1909f56bfc062723c751e8b465ee728b)
Start importing Assets/Particles/Particle System.prefab using Guid(54efecca0dfdd214f9bbfd594c01e47d) Importer(815301076,1909f56bfc062723c751e8b465ee728b)  -> (artifact id: '8d2eea75a9f0d2c97f7746452c699895') in 0.010590 seconds
  Import took 0.014915 seconds .

========================================================================
Received Import Request.
  Time since last request: 0.016523 seconds.
  path: Assets/Particles/Particle System.prefab
  artifactKey: Guid(54efecca0dfdd214f9bbfd594c01e47d) Importer(815301076,1909f56bfc062723c751e8b465ee728b)
Start importing Assets/Particles/Particle System.prefab using Guid(54efecca0dfdd214f9bbfd594c01e47d) Importer(815301076,1909f56bfc062723c751e8b465ee728b)  -> (artifact id: '8d2eea75a9f0d2c97f7746452c699895') in 0.005630 seconds
  Import took 0.010043 seconds .

========================================================================
Received Import Request.
  Time since last request: 24.416580 seconds.
  path: Assets/Prefabs/Coin 1 1.prefab
  artifactKey: Guid(d633d9619085cba47aa7638307c17a7e) Importer(815301076,1909f56bfc062723c751e8b465ee728b)
Start importing Assets/Prefabs/Coin 1 1.prefab using Guid(d633d9619085cba47aa7638307c17a7e) Importer(815301076,1909f56bfc062723c751e8b465ee728b)  -> (artifact id: '2906d3ee1c6dd4cea8e82ecfbfef9a18') in 0.011048 seconds
  Import took 0.015171 seconds .

========================================================================
Received Prepare
Registering precompiled user dll's ...
Registered in 0.001464 seconds.
Begin MonoManager ReloadAssembly
Native extension for WindowsStandalone target not found
Native extension for WebGL target not found
Refreshing native plugins compatible for Editor in 0.56 ms, found 1 plugins.
Preloading 0 native plugins for Editor in 0.00 ms.
Mono: successfully reloaded assembly
- Completed reload, in  1.134 seconds
Platform modules already initialized, skipping
Refreshing native plugins compatible for Editor in 0.59 ms, found 1 plugins.
Preloading 0 native plugins for Editor in 0.00 ms.
Unloading 1907 Unused Serialized files (Serialized files now loaded: 0)
System memory in use before: 94.5 MB.
System memory in use after: 94.7 MB.

Unloading 9 unused Assets to reduce memory usage. Loaded Objects now: 2485.
Total: 2.431500 ms (FindLiveObjects: 0.187500 ms CreateObjectMapping: 0.075200 ms MarkObjects: 2.082400 ms  DeleteObjects: 0.085000 ms)

========================================================================
Received Import Request.
  Time since last request: 31.169490 seconds.
  path: Assets/Particles/Particle System.prefab
  artifactKey: Guid(54efecca0dfdd214f9bbfd594c01e47d) Importer(815301076,1909f56bfc062723c751e8b465ee728b)
Start importing Assets/Particles/Particle System.prefab using Guid(54efecca0dfdd214f9bbfd594c01e47d) Importer(815301076,1909f56bfc062723c751e8b465ee728b)  -> (artifact id: 'cfb87ebceafaf5b7fbe5521baf883a28') in 0.034624 seconds
  Import took 0.038868 seconds .

========================================================================
Received Import Request.
  Time since last request: 0.112358 seconds.
  path: Assets/Particles/Particle System.prefab
  artifactKey: Guid(54efecca0dfdd214f9bbfd594c01e47d) Importer(815301076,1909f56bfc062723c751e8b465ee728b)
Start importing Assets/Particles/Particle System.prefab using Guid(54efecca0dfdd214f9bbfd594c01e47d) Importer(815301076,1909f56bfc062723c751e8b465ee728b)  -> (artifact id: 'cfb87ebceafaf5b7fbe5521baf883a28') in 0.005478 seconds
  Import took 0.009953 seconds .

========================================================================
Received Prepare
Registering precompiled user dll's ...
Registered in 0.001629 seconds.
Begin MonoManager ReloadAssembly
Native extension for WindowsStandalone target not found
Native extension for WebGL target not found
Refreshing native plugins compatible for Editor in 0.57 ms, found 1 plugins.
Preloading 0 native plugins for Editor in 0.00 ms.
Mono: successfully reloaded assembly
- Completed reload, in  1.311 seconds
Platform modules already initialized, skipping
Refreshing native plugins compatible for Editor in 0.65 ms, found 1 plugins.
Preloading 0 native plugins for Editor in 0.00 ms.
Unloading 1908 Unused Serialized files (Serialized files now loaded: 0)
System memory in use before: 94.6 MB.
System memory in use after: 94.7 MB.

Unloading 7 unused Assets to reduce memory usage. Loaded Objects now: 2490.
Total: 3.399500 ms (FindLiveObjects: 0.261900 ms CreateObjectMapping: 0.087500 ms MarkObjects: 3.013600 ms  DeleteObjects: 0.034200 ms)

========================================================================
Received Import Request.
  Time since last request: 75.145224 seconds.
  path: Assets/Scripts/NewBehaviourScript.cs
  artifactKey: Guid(4669abbb3dc11a245b6a5981cbe44b7f) Importer(815301076,1909f56bfc062723c751e8b465ee728b)
Start importing Assets/Scripts/NewBehaviourScript.cs using Guid(4669abbb3dc11a245b6a5981cbe44b7f) Importer(815301076,1909f56bfc062723c751e8b465ee728b)  -> (artifact id: '729297af69e583e6f223de73f63124b8') in 0.013710 seconds
  Import took 0.020636 seconds .

========================================================================
Received Prepare
Registering precompiled user dll's ...
Registered in 0.002257 seconds.
Begin MonoManager ReloadAssembly
Native extension for WindowsStandalone target not found
Native extension for WebGL target not found
Refreshing native plugins compatible for Editor in 0.57 ms, found 1 plugins.
Preloading 0 native plugins for Editor in 0.00 ms.
Mono: successfully reloaded assembly
- Completed reload, in  1.208 seconds
Platform modules already initialized, skipping
Refreshing native plugins compatible for Editor in 0.56 ms, found 1 plugins.
Preloading 0 native plugins for Editor in 0.00 ms.
Unloading 1908 Unused Serialized files (Serialized files now loaded: 0)
System memory in use before: 94.6 MB.
System memory in use after: 94.7 MB.

Unloading 7 unused Assets to reduce memory usage. Loaded Objects now: 2494.
Total: 2.544900 ms (FindLiveObjects: 0.241200 ms CreateObjectMapping: 0.078400 ms MarkObjects: 2.204800 ms  DeleteObjects: 0.019000 ms)

========================================================================
Received Import Request.
  Time since last request: 3.084522 seconds.
  path: Assets/Scripts/PlayerController.cs
  artifactKey: Guid(c6cca7aeb77fd7c44acb4122da1d3434) Importer(815301076,1909f56bfc062723c751e8b465ee728b)
Start importing Assets/Scripts/PlayerController.cs using Guid(c6cca7aeb77fd7c44acb4122da1d3434) Importer(815301076,1909f56bfc062723c751e8b465ee728b)  -> (artifact id: 'ce0dc510cba7dd2a9e0171a1a446a42e') in 0.010878 seconds
  Import took 0.014913 seconds .

========================================================================
Received Prepare
Registering precompiled user dll's ...
Registered in 0.001508 seconds.
Begin MonoManager ReloadAssembly
Native extension for WindowsStandalone target not found
Native extension for WebGL target not found
Refreshing native plugins compatible for Editor in 0.68 ms, found 1 plugins.
Preloading 0 native plugins for Editor in 0.00 ms.
Mono: successfully reloaded assembly
- Completed reload, in  1.206 seconds
Platform modules already initialized, skipping
Refreshing native plugins compatible for Editor in 0.64 ms, found 1 plugins.
Preloading 0 native plugins for Editor in 0.00 ms.
Unloading 1907 Unused Serialized files (Serialized files now loaded: 0)
System memory in use before: 94.6 MB.
System memory in use after: 94.7 MB.

Unloading 8 unused Assets to reduce memory usage. Loaded Objects now: 2497.
Total: 3.202400 ms (FindLiveObjects: 0.200700 ms CreateObjectMapping: 0.078800 ms MarkObjects: 2.895700 ms  DeleteObjects: 0.025400 ms)

========================================================================
Received Import Request.
  Time since last request: 53.127279 seconds.
  path: Assets/Scripts/DestroyParticle.cs
  artifactKey: Guid(cd5ad2acbd2a4f046b09a3f15a12799d) Importer(815301076,1909f56bfc062723c751e8b465ee728b)
Start importing Assets/Scripts/DestroyParticle.cs using Guid(cd5ad2acbd2a4f046b09a3f15a12799d) Importer(815301076,1909f56bfc062723c751e8b465ee728b)  -> (artifact id: 'fe8df93d3064a275f86ff09770ff9262') in 0.012621 seconds
  Import took 0.016698 seconds .

========================================================================
Received Prepare
Registering precompiled user dll's ...
Registered in 0.001493 seconds.
Begin MonoManager ReloadAssembly
Native extension for WindowsStandalone target not found
Native extension for WebGL target not found
Refreshing native plugins compatible for Editor in 0.62 ms, found 1 plugins.
Preloading 0 native plugins for Editor in 0.00 ms.
Mono: successfully reloaded assembly
- Completed reload, in  1.200 seconds
Platform modules already initialized, skipping
Refreshing native plugins compatible for Editor in 0.57 ms, found 1 plugins.
Preloading 0 native plugins for Editor in 0.00 ms.
Unloading 1908 Unused Serialized files (Serialized files now loaded: 0)
System memory in use before: 94.6 MB.
System memory in use after: 94.7 MB.

Unloading 7 unused Assets to reduce memory usage. Loaded Objects now: 2502.
Total: 2.260500 ms (FindLiveObjects: 0.190500 ms CreateObjectMapping: 0.075600 ms MarkObjects: 1.968300 ms  DeleteObjects: 0.024800 ms)

========================================================================
Received Prepare
Registering precompiled user dll's ...
Registered in 0.001550 seconds.
Begin MonoManager ReloadAssembly
Native extension for WindowsStandalone target not found
Native extension for WebGL target not found
Refreshing native plugins compatible for Editor in 0.56 ms, found 1 plugins.
Preloading 0 native plugins for Editor in 0.00 ms.
Mono: successfully reloaded assembly
- Completed reload, in  1.211 seconds
Platform modules already initialized, skipping
Refreshing native plugins compatible for Editor in 0.60 ms, found 1 plugins.
Preloading 0 native plugins for Editor in 0.00 ms.
Unloading 1908 Unused Serialized files (Serialized files now loaded: 0)
System memory in use before: 94.6 MB.
System memory in use after: 94.7 MB.

Unloading 7 unused Assets to reduce memory usage. Loaded Objects now: 2506.
Total: 2.347000 ms (FindLiveObjects: 0.192800 ms CreateObjectMapping: 0.076700 ms MarkObjects: 2.059700 ms  DeleteObjects: 0.016400 ms)

========================================================================
Received Prepare
Registering precompiled user dll's ...
Registered in 0.001408 seconds.
Begin MonoManager ReloadAssembly
Native extension for WindowsStandalone target not found
Native extension for WebGL target not found
Refreshing native plugins compatible for Editor in 0.57 ms, found 1 plugins.
Preloading 0 native plugins for Editor in 0.00 ms.
Mono: successfully reloaded assembly
- Completed reload, in  1.145 seconds
Platform modules already initialized, skipping
Refreshing native plugins compatible for Editor in 0.55 ms, found 1 plugins.
Preloading 0 native plugins for Editor in 0.00 ms.
Unloading 1908 Unused Serialized files (Serialized files now loaded: 0)
System memory in use before: 94.6 MB.
System memory in use after: 94.7 MB.

Unloading 7 unused Assets to reduce memory usage. Loaded Objects now: 2510.
Total: 2.189400 ms (FindLiveObjects: 0.196100 ms CreateObjectMapping: 0.076900 ms MarkObjects: 1.898900 ms  DeleteObjects: 0.016100 ms)

========================================================================
Received Prepare
Registering precompiled user dll's ...
Registered in 0.001382 seconds.
Begin MonoManager ReloadAssembly
Native extension for WindowsStandalone target not found
Native extension for WebGL target not found
Refreshing native plugins compatible for Editor in 0.58 ms, found 1 plugins.
Preloading 0 native plugins for Editor in 0.00 ms.
Mono: successfully reloaded assembly
- Completed reload, in  1.299 seconds
Platform modules already initialized, skipping
Refreshing native plugins compatible for Editor in 0.57 ms, found 1 plugins.
Preloading 0 native plugins for Editor in 0.00 ms.
Unloading 1908 Unused Serialized files (Serialized files now loaded: 0)
System memory in use before: 94.6 MB.
System memory in use after: 94.7 MB.

Unloading 7 unused Assets to reduce memory usage. Loaded Objects now: 2514.
Total: 2.186000 ms (FindLiveObjects: 0.204800 ms CreateObjectMapping: 0.076200 ms MarkObjects: 1.886600 ms  DeleteObjects: 0.016900 ms)

========================================================================
Received Prepare
Registering precompiled user dll's ...
Registered in 0.001833 seconds.
Begin MonoManager ReloadAssembly
Native extension for WindowsStandalone target not found
Native extension for WebGL target not found
Refreshing native plugins compatible for Editor in 0.55 ms, found 1 plugins.
Preloading 0 native plugins for Editor in 0.00 ms.
Mono: successfully reloaded assembly
- Completed reload, in  1.154 seconds
Platform modules already initialized, skipping
Refreshing native plugins compatible for Editor in 0.62 ms, found 1 plugins.
Preloading 0 native plugins for Editor in 0.00 ms.
Unloading 1908 Unused Serialized files (Serialized files now loaded: 0)
System memory in use before: 94.6 MB.
System memory in use after: 94.7 MB.

Unloading 7 unused Assets to reduce memory usage. Loaded Objects now: 2518.
Total: 2.620400 ms (FindLiveObjects: 0.205700 ms CreateObjectMapping: 0.076400 ms MarkObjects: 2.316000 ms  DeleteObjects: 0.020700 ms)

========================================================================
Received Import Request.
  Time since last request: 335.601416 seconds.
  path: Assets/Scripts/HudController.cs
  artifactKey: Guid(9a9c109a5f2a81b4196c3d92244efad5) Importer(815301076,1909f56bfc062723c751e8b465ee728b)
Start importing Assets/Scripts/HudController.cs using Guid(9a9c109a5f2a81b4196c3d92244efad5) Importer(815301076,1909f56bfc062723c751e8b465ee728b)  -> (artifact id: '49c9fa3dceb8f3c6fe331514bc36c126') in 0.012471 seconds
  Import took 0.019299 seconds .

========================================================================
Received Import Request.
  Time since last request: 0.032268 seconds.
  path: Assets/Scripts/HudController.cs
  artifactKey: Guid(9a9c109a5f2a81b4196c3d92244efad5) Importer(815301076,1909f56bfc062723c751e8b465ee728b)
Start importing Assets/Scripts/HudController.cs using Guid(9a9c109a5f2a81b4196c3d92244efad5) Importer(815301076,1909f56bfc062723c751e8b465ee728b)  -> (artifact id: '49c9fa3dceb8f3c6fe331514bc36c126') in 0.002861 seconds
  Import took 0.007043 seconds .

========================================================================
Received Import Request.
  Time since last request: 1.917114 seconds.
  path: Assets/Scripts/CounterDistance.cs
  artifactKey: Guid(7f074b453ad32c54c9a42a2b49a529d9) Importer(815301076,1909f56bfc062723c751e8b465ee728b)
Start importing Assets/Scripts/CounterDistance.cs using Guid(7f074b453ad32c54c9a42a2b49a529d9) Importer(815301076,1909f56bfc062723c751e8b465ee728b)  -> (artifact id: '7f02d080506e225a992d21b5cc26f8ae') in 0.008982 seconds
  Import took 0.013978 seconds .

========================================================================
Received Import Request.
  Time since last request: 512.151641 seconds.
  path: Assets/Scripts/CounterDistance.cs
  artifactKey: Guid(7f074b453ad32c54c9a42a2b49a529d9) Importer(815301076,1909f56bfc062723c751e8b465ee728b)
Start importing Assets/Scripts/CounterDistance.cs using Guid(7f074b453ad32c54c9a42a2b49a529d9) Importer(815301076,1909f56bfc062723c751e8b465ee728b)  -> (artifact id: 'd4e8e8434e29d05e0f7740f32d2f74c8') in 0.004790 seconds
  Import took 0.010819 seconds .

========================================================================
Received Prepare
Registering precompiled user dll's ...
Registered in 0.001522 seconds.
Begin MonoManager ReloadAssembly
Native extension for WindowsStandalone target not found
Native extension for WebGL target not found
Refreshing native plugins compatible for Editor in 0.54 ms, found 1 plugins.
Preloading 0 native plugins for Editor in 0.00 ms.
Mono: successfully reloaded assembly
- Completed reload, in  1.251 seconds
Platform modules already initialized, skipping
Refreshing native plugins compatible for Editor in 0.77 ms, found 1 plugins.
Preloading 0 native plugins for Editor in 0.00 ms.
Unloading 1908 Unused Serialized files (Serialized files now loaded: 0)
System memory in use before: 94.6 MB.
System memory in use after: 94.8 MB.

Unloading 7 unused Assets to reduce memory usage. Loaded Objects now: 2522.
Total: 2.740000 ms (FindLiveObjects: 0.213900 ms CreateObjectMapping: 0.077600 ms MarkObjects: 2.424400 ms  DeleteObjects: 0.022200 ms)

========================================================================
Received Import Request.
  Time since last request: 19.398314 seconds.
  path: Assets/Scripts/CounterDistance.cs
  artifactKey: Guid(7f074b453ad32c54c9a42a2b49a529d9) Importer(815301076,1909f56bfc062723c751e8b465ee728b)
Start importing Assets/Scripts/CounterDistance.cs using Guid(7f074b453ad32c54c9a42a2b49a529d9) Importer(815301076,1909f56bfc062723c751e8b465ee728b)  -> (artifact id: '02f9904fa7264b6cec83176bec801d1c') in 0.006588 seconds
  Import took 0.011391 seconds .

========================================================================
Received Import Request.
  Time since last request: 0.001192 seconds.
  path: Assets/Scripts/CounterDistance.cs
  artifactKey: Guid(7f074b453ad32c54c9a42a2b49a529d9) Importer(815301076,1909f56bfc062723c751e8b465ee728b)
Start importing Assets/Scripts/CounterDistance.cs using Guid(7f074b453ad32c54c9a42a2b49a529d9) Importer(815301076,1909f56bfc062723c751e8b465ee728b)  -> (artifact id: '02f9904fa7264b6cec83176bec801d1c') in 0.003127 seconds
  Import took 0.006713 seconds .

========================================================================
Received Prepare
Registering precompiled user dll's ...
Registered in 0.001522 seconds.
Begin MonoManager ReloadAssembly
Native extension for WindowsStandalone target not found
Native extension for WebGL target not found
Refreshing native plugins compatible for Editor in 0.56 ms, found 1 plugins.
Preloading 0 native plugins for Editor in 0.00 ms.
Mono: successfully reloaded assembly
- Completed reload, in  1.213 seconds
Platform modules already initialized, skipping
Refreshing native plugins compatible for Editor in 0.59 ms, found 1 plugins.
Preloading 0 native plugins for Editor in 0.00 ms.
Unloading 1908 Unused Serialized files (Serialized files now loaded: 0)
System memory in use before: 94.7 MB.
System memory in use after: 94.8 MB.

Unloading 7 unused Assets to reduce memory usage. Loaded Objects now: 2526.
Total: 2.254300 ms (FindLiveObjects: 0.197600 ms CreateObjectMapping: 0.076600 ms MarkObjects: 1.961500 ms  DeleteObjects: 0.016900 ms)

========================================================================
Received Import Request.
  Time since last request: 86.441941 seconds.
  path: Assets/Scripts/CounterDistance.cs
  artifactKey: Guid(7f074b453ad32c54c9a42a2b49a529d9) Importer(815301076,1909f56bfc062723c751e8b465ee728b)
Start importing Assets/Scripts/CounterDistance.cs using Guid(7f074b453ad32c54c9a42a2b49a529d9) Importer(815301076,1909f56bfc062723c751e8b465ee728b)  -> (artifact id: '3936ab60661392c611980deec7d477b4') in 0.006414 seconds
  Import took 0.011201 seconds .

========================================================================
Received Import Request.
  Time since last request: 0.001364 seconds.
  path: Assets/Scripts/CounterDistance.cs
  artifactKey: Guid(7f074b453ad32c54c9a42a2b49a529d9) Importer(815301076,1909f56bfc062723c751e8b465ee728b)
Start importing Assets/Scripts/CounterDistance.cs using Guid(7f074b453ad32c54c9a42a2b49a529d9) Importer(815301076,1909f56bfc062723c751e8b465ee728b)  -> (artifact id: '3936ab60661392c611980deec7d477b4') in 0.003155 seconds
  Import took 0.006674 seconds .

========================================================================
Received Prepare
Registering precompiled user dll's ...
Registered in 0.001372 seconds.
Begin MonoManager ReloadAssembly
Native extension for WindowsStandalone target not found
Native extension for WebGL target not found
Refreshing native plugins compatible for Editor in 0.56 ms, found 1 plugins.
Preloading 0 native plugins for Editor in 0.00 ms.
Mono: successfully reloaded assembly
- Completed reload, in  1.252 seconds
Platform modules already initialized, skipping
Refreshing native plugins compatible for Editor in 0.56 ms, found 1 plugins.
Preloading 0 native plugins for Editor in 0.00 ms.
Unloading 1908 Unused Serialized files (Serialized files now loaded: 0)
System memory in use before: 94.7 MB.
System memory in use after: 94.8 MB.

Unloading 7 unused Assets to reduce memory usage. Loaded Objects now: 2530.
Total: 2.251800 ms (FindLiveObjects: 0.201000 ms CreateObjectMapping: 0.077100 ms MarkObjects: 1.954900 ms  DeleteObjects: 0.017400 ms)

========================================================================
Received Import Request.
  Time since last request: 120.268493 seconds.
  path: Assets/Scripts/CounterDistance.cs
  artifactKey: Guid(7f074b453ad32c54c9a42a2b49a529d9) Importer(815301076,1909f56bfc062723c751e8b465ee728b)
Start importing Assets/Scripts/CounterDistance.cs using Guid(7f074b453ad32c54c9a42a2b49a529d9) Importer(815301076,1909f56bfc062723c751e8b465ee728b)  -> (artifact id: 'ba412aa8e458035fe8a006f95057a339') in 0.006214 seconds
  Import took 0.010661 seconds .

========================================================================
Received Import Request.
  Time since last request: 0.002417 seconds.
  path: Assets/Scripts/CounterDistance.cs
  artifactKey: Guid(7f074b453ad32c54c9a42a2b49a529d9) Importer(815301076,1909f56bfc062723c751e8b465ee728b)
Start importing Assets/Scripts/CounterDistance.cs using Guid(7f074b453ad32c54c9a42a2b49a529d9) Importer(815301076,1909f56bfc062723c751e8b465ee728b)  -> (artifact id: 'ba412aa8e458035fe8a006f95057a339') in 0.003210 seconds
  Import took 0.006914 seconds .

========================================================================
Received Prepare
Registering precompiled user dll's ...
Registered in 0.001364 seconds.
Begin MonoManager ReloadAssembly
Native extension for WindowsStandalone target not found
Native extension for WebGL target not found
Refreshing native plugins compatible for Editor in 0.56 ms, found 1 plugins.
Preloading 0 native plugins for Editor in 0.00 ms.
Mono: successfully reloaded assembly
- Completed reload, in  1.212 seconds
Platform modules already initialized, skipping
Refreshing native plugins compatible for Editor in 0.60 ms, found 1 plugins.
Preloading 0 native plugins for Editor in 0.00 ms.
Unloading 1908 Unused Serialized files (Serialized files now loaded: 0)
System memory in use before: 94.7 MB.
System memory in use after: 94.8 MB.

Unloading 7 unused Assets to reduce memory usage. Loaded Objects now: 2534.
Total: 2.362400 ms (FindLiveObjects: 0.215900 ms CreateObjectMapping: 0.083500 ms MarkObjects: 2.043400 ms  DeleteObjects: 0.017900 ms)

========================================================================
Received Import Request.
  Time since last request: 28.606945 seconds.
  path: Assets/Scripts/CounterDistance.cs
  artifactKey: Guid(7f074b453ad32c54c9a42a2b49a529d9) Importer(815301076,1909f56bfc062723c751e8b465ee728b)
Start importing Assets/Scripts/CounterDistance.cs using Guid(7f074b453ad32c54c9a42a2b49a529d9) Importer(815301076,1909f56bfc062723c751e8b465ee728b)  -> (artifact id: 'dae387145e873f5f107717a7e56fa902') in 0.006629 seconds
  Import took 0.010457 seconds .

========================================================================
Received Import Request.
  Time since last request: 0.002580 seconds.
  path: Assets/Scripts/CounterDistance.cs
  artifactKey: Guid(7f074b453ad32c54c9a42a2b49a529d9) Importer(815301076,1909f56bfc062723c751e8b465ee728b)
Start importing Assets/Scripts/CounterDistance.cs using Guid(7f074b453ad32c54c9a42a2b49a529d9) Importer(815301076,1909f56bfc062723c751e8b465ee728b)  -> (artifact id: 'dae387145e873f5f107717a7e56fa902') in 0.002895 seconds
  Import took 0.006481 seconds .

========================================================================
Received Prepare
Registering precompiled user dll's ...
Registered in 0.001621 seconds.
Begin MonoManager ReloadAssembly
Native extension for WindowsStandalone target not found
Native extension for WebGL target not found
Refreshing native plugins compatible for Editor in 0.62 ms, found 1 plugins.
Preloading 0 native plugins for Editor in 0.00 ms.
Mono: successfully reloaded assembly
- Completed reload, in  1.226 seconds
Platform modules already initialized, skipping
Refreshing native plugins compatible for Editor in 0.69 ms, found 1 plugins.
Preloading 0 native plugins for Editor in 0.00 ms.
Unloading 1908 Unused Serialized files (Serialized files now loaded: 0)
System memory in use before: 94.7 MB.
System memory in use after: 94.8 MB.

Unloading 7 unused Assets to reduce memory usage. Loaded Objects now: 2538.
Total: 2.503300 ms (FindLiveObjects: 0.254200 ms CreateObjectMapping: 0.087200 ms MarkObjects: 2.136900 ms  DeleteObjects: 0.023400 ms)

========================================================================
Received Prepare
Registering precompiled user dll's ...
Registered in 0.002159 seconds.
Begin MonoManager ReloadAssembly
Native extension for WindowsStandalone target not found
Native extension for WebGL target not found
Refreshing native plugins compatible for Editor in 0.62 ms, found 1 plugins.
Preloading 0 native plugins for Editor in 0.00 ms.
Mono: successfully reloaded assembly
- Completed reload, in  1.152 seconds
Platform modules already initialized, skipping
Refreshing native plugins compatible for Editor in 0.61 ms, found 1 plugins.
Preloading 0 native plugins for Editor in 0.00 ms.
Unloading 1908 Unused Serialized files (Serialized files now loaded: 0)
System memory in use before: 94.7 MB.
System memory in use after: 94.8 MB.

Unloading 7 unused Assets to reduce memory usage. Loaded Objects now: 2542.
Total: 2.315400 ms (FindLiveObjects: 0.209400 ms CreateObjectMapping: 0.080100 ms MarkObjects: 1.990700 ms  DeleteObjects: 0.033800 ms)

========================================================================
Received Prepare
Registering precompiled user dll's ...
Registered in 0.001444 seconds.
Begin MonoManager ReloadAssembly
Native extension for WindowsStandalone target not found
Native extension for WebGL target not found
Refreshing native plugins compatible for Editor in 0.55 ms, found 1 plugins.
Preloading 0 native plugins for Editor in 0.00 ms.
Mono: successfully reloaded assembly
- Completed reload, in  1.163 seconds
Platform modules already initialized, skipping
Refreshing native plugins compatible for Editor in 0.58 ms, found 1 plugins.
Preloading 0 native plugins for Editor in 0.00 ms.
Unloading 1908 Unused Serialized files (Serialized files now loaded: 0)
System memory in use before: 94.7 MB.
System memory in use after: 94.8 MB.

Unloading 7 unused Assets to reduce memory usage. Loaded Objects now: 2546.
Total: 2.350300 ms (FindLiveObjects: 0.207900 ms CreateObjectMapping: 0.077600 ms MarkObjects: 2.036100 ms  DeleteObjects: 0.027200 ms)

========================================================================
Received Prepare
Registering precompiled user dll's ...
Registered in 0.001471 seconds.
Begin MonoManager ReloadAssembly
Native extension for WindowsStandalone target not found
Native extension for WebGL target not found
Refreshing native plugins compatible for Editor in 0.55 ms, found 1 plugins.
Preloading 0 native plugins for Editor in 0.00 ms.
Mono: successfully reloaded assembly
- Completed reload, in  1.294 seconds
Platform modules already initialized, skipping
Refreshing native plugins compatible for Editor in 0.59 ms, found 1 plugins.
Preloading 0 native plugins for Editor in 0.00 ms.
Unloading 1908 Unused Serialized files (Serialized files now loaded: 0)
System memory in use before: 94.7 MB.
System memory in use after: 94.8 MB.

Unloading 7 unused Assets to reduce memory usage. Loaded Objects now: 2550.
Total: 2.305900 ms (FindLiveObjects: 0.206300 ms CreateObjectMapping: 0.076300 ms MarkObjects: 2.004300 ms  DeleteObjects: 0.017600 ms)

========================================================================
Received Prepare
Registering precompiled user dll's ...
Registered in 0.001537 seconds.
Begin MonoManager ReloadAssembly
Native extension for WindowsStandalone target not found
Native extension for WebGL target not found
Refreshing native plugins compatible for Editor in 0.54 ms, found 1 plugins.
Preloading 0 native plugins for Editor in 0.00 ms.
Mono: successfully reloaded assembly
- Completed reload, in  1.154 seconds
Platform modules already initialized, skipping
Refreshing native plugins compatible for Editor in 0.58 ms, found 1 plugins.
Preloading 0 native plugins for Editor in 0.00 ms.
Unloading 1908 Unused Serialized files (Serialized files now loaded: 0)
System memory in use before: 94.7 MB.
System memory in use after: 94.8 MB.

Unloading 7 unused Assets to reduce memory usage. Loaded Objects now: 2554.
Total: 2.486900 ms (FindLiveObjects: 0.197500 ms CreateObjectMapping: 0.077900 ms MarkObjects: 2.186200 ms  DeleteObjects: 0.024000 ms)

========================================================================
Received Prepare
Registering precompiled user dll's ...
Registered in 0.001486 seconds.
Begin MonoManager ReloadAssembly
Native extension for WindowsStandalone target not found
Native extension for WebGL target not found
Refreshing native plugins compatible for Editor in 0.82 ms, found 1 plugins.
Preloading 0 native plugins for Editor in 0.00 ms.
Mono: successfully reloaded assembly
- Completed reload, in  1.147 seconds
Platform modules already initialized, skipping
Refreshing native plugins compatible for Editor in 0.57 ms, found 1 plugins.
Preloading 0 native plugins for Editor in 0.00 ms.
Unloading 1908 Unused Serialized files (Serialized files now loaded: 0)
System memory in use before: 94.7 MB.
System memory in use after: 94.8 MB.

Unloading 7 unused Assets to reduce memory usage. Loaded Objects now: 2558.
Total: 2.241400 ms (FindLiveObjects: 0.196100 ms CreateObjectMapping: 0.076800 ms MarkObjects: 1.942400 ms  DeleteObjects: 0.024700 ms)

========================================================================
Received Prepare
Registering precompiled user dll's ...
Registered in 0.001920 seconds.
Begin MonoManager ReloadAssembly
Native extension for WindowsStandalone target not found
Native extension for WebGL target not found
Refreshing native plugins compatible for Editor in 0.57 ms, found 1 plugins.
Preloading 0 native plugins for Editor in 0.00 ms.
Mono: successfully reloaded assembly
- Completed reload, in  1.187 seconds
Platform modules already initialized, skipping
Refreshing native plugins compatible for Editor in 0.64 ms, found 1 plugins.
Preloading 0 native plugins for Editor in 0.00 ms.
Unloading 1908 Unused Serialized files (Serialized files now loaded: 0)
System memory in use before: 94.7 MB.
System memory in use after: 94.8 MB.

Unloading 7 unused Assets to reduce memory usage. Loaded Objects now: 2562.
Total: 2.395600 ms (FindLiveObjects: 0.206200 ms CreateObjectMapping: 0.077500 ms MarkObjects: 2.071100 ms  DeleteObjects: 0.037800 ms)

========================================================================
Received Prepare
Registering precompiled user dll's ...
Registered in 0.001370 seconds.
Begin MonoManager ReloadAssembly
Native extension for WindowsStandalone target not found
Native extension for WebGL target not found
Refreshing native plugins compatible for Editor in 0.55 ms, found 1 plugins.
Preloading 0 native plugins for Editor in 0.00 ms.
Mono: successfully reloaded assembly
- Completed reload, in  1.226 seconds
Platform modules already initialized, skipping
Refreshing native plugins compatible for Editor in 0.85 ms, found 1 plugins.
Preloading 0 native plugins for Editor in 0.00 ms.
Unloading 1908 Unused Serialized files (Serialized files now loaded: 0)
System memory in use before: 94.7 MB.
System memory in use after: 94.9 MB.

Unloading 7 unused Assets to reduce memory usage. Loaded Objects now: 2566.
Total: 2.370700 ms (FindLiveObjects: 0.275800 ms CreateObjectMapping: 0.091500 ms MarkObjects: 1.963700 ms  DeleteObjects: 0.038100 ms)

========================================================================
Received Prepare
Registering precompiled user dll's ...
Registered in 0.001445 seconds.
Begin MonoManager ReloadAssembly
Native extension for WindowsStandalone target not found
Native extension for WebGL target not found
Refreshing native plugins compatible for Editor in 0.58 ms, found 1 plugins.
Preloading 0 native plugins for Editor in 0.00 ms.
Mono: successfully reloaded assembly
- Completed reload, in  1.173 seconds
Platform modules already initialized, skipping
Refreshing native plugins compatible for Editor in 0.66 ms, found 1 plugins.
Preloading 0 native plugins for Editor in 0.00 ms.
Unloading 1908 Unused Serialized files (Serialized files now loaded: 0)
System memory in use before: 94.7 MB.
System memory in use after: 94.9 MB.

Unloading 7 unused Assets to reduce memory usage. Loaded Objects now: 2570.
Total: 2.221800 ms (FindLiveObjects: 0.199400 ms CreateObjectMapping: 0.077900 ms MarkObjects: 1.926500 ms  DeleteObjects: 0.016700 ms)

========================================================================
Received Prepare
Registering precompiled user dll's ...
Registered in 0.001404 seconds.
Begin MonoManager ReloadAssembly
Native extension for WindowsStandalone target not found
Native extension for WebGL target not found
Refreshing native plugins compatible for Editor in 0.62 ms, found 1 plugins.
Preloading 0 native plugins for Editor in 0.00 ms.
Mono: successfully reloaded assembly
- Completed reload, in  1.241 seconds
Platform modules already initialized, skipping
Refreshing native plugins compatible for Editor in 0.64 ms, found 1 plugins.
Preloading 0 native plugins for Editor in 0.00 ms.
Unloading 1908 Unused Serialized files (Serialized files now loaded: 0)
System memory in use before: 94.8 MB.
System memory in use after: 94.9 MB.

Unloading 7 unused Assets to reduce memory usage. Loaded Objects now: 2574.
Total: 2.322900 ms (FindLiveObjects: 0.207000 ms CreateObjectMapping: 0.077700 ms MarkObjects: 2.020700 ms  DeleteObjects: 0.016100 ms)

========================================================================
Received Prepare
Registering precompiled user dll's ...
Registered in 0.001450 seconds.
Begin MonoManager ReloadAssembly
Native extension for WindowsStandalone target not found
Native extension for WebGL target not found
Refreshing native plugins compatible for Editor in 0.70 ms, found 1 plugins.
Preloading 0 native plugins for Editor in 0.00 ms.
Mono: successfully reloaded assembly
- Completed reload, in  1.148 seconds
Platform modules already initialized, skipping
Refreshing native plugins compatible for Editor in 0.55 ms, found 1 plugins.
Preloading 0 native plugins for Editor in 0.00 ms.
Unloading 1908 Unused Serialized files (Serialized files now loaded: 0)
System memory in use before: 94.8 MB.
System memory in use after: 94.9 MB.

Unloading 7 unused Assets to reduce memory usage. Loaded Objects now: 2578.
Total: 2.539700 ms (FindLiveObjects: 0.255700 ms CreateObjectMapping: 0.081500 ms MarkObjects: 2.159600 ms  DeleteObjects: 0.041000 ms)

========================================================================
Received Prepare
Registering precompiled user dll's ...
Registered in 0.001457 seconds.
Begin MonoManager ReloadAssembly
Native extension for WindowsStandalone target not found
Native extension for WebGL target not found
Refreshing native plugins compatible for Editor in 0.60 ms, found 1 plugins.
Preloading 0 native plugins for Editor in 0.00 ms.
Mono: successfully reloaded assembly
- Completed reload, in  1.130 seconds
Platform modules already initialized, skipping
Refreshing native plugins compatible for Editor in 0.58 ms, found 1 plugins.
Preloading 0 native plugins for Editor in 0.00 ms.
Unloading 1908 Unused Serialized files (Serialized files now loaded: 0)
System memory in use before: 94.8 MB.
System memory in use after: 94.9 MB.

Unloading 7 unused Assets to reduce memory usage. Loaded Objects now: 2582.
Total: 2.316900 ms (FindLiveObjects: 0.206600 ms CreateObjectMapping: 0.077600 ms MarkObjects: 1.999500 ms  DeleteObjects: 0.031800 ms)

========================================================================
Received Prepare
Registering precompiled user dll's ...
Registered in 0.001440 seconds.
Begin MonoManager ReloadAssembly
Native extension for WindowsStandalone target not found
Native extension for WebGL target not found
Refreshing native plugins compatible for Editor in 0.55 ms, found 1 plugins.
Preloading 0 native plugins for Editor in 0.00 ms.
Mono: successfully reloaded assembly
- Completed reload, in  1.167 seconds
Platform modules already initialized, skipping
Refreshing native plugins compatible for Editor in 0.56 ms, found 1 plugins.
Preloading 0 native plugins for Editor in 0.00 ms.
Unloading 1908 Unused Serialized files (Serialized files now loaded: 0)
System memory in use before: 94.8 MB.
System memory in use after: 94.9 MB.

Unloading 7 unused Assets to reduce memory usage. Loaded Objects now: 2586.
Total: 2.200800 ms (FindLiveObjects: 0.197900 ms CreateObjectMapping: 0.077900 ms MarkObjects: 1.893600 ms  DeleteObjects: 0.030200 ms)

========================================================================
Received Prepare
Registering precompiled user dll's ...
Registered in 0.002049 seconds.
Begin MonoManager ReloadAssembly
Native extension for WindowsStandalone target not found
Native extension for WebGL target not found
Refreshing native plugins compatible for Editor in 0.60 ms, found 1 plugins.
Preloading 0 native plugins for Editor in 0.00 ms.
Mono: successfully reloaded assembly
- Completed reload, in  1.159 seconds
Platform modules already initialized, skipping
Refreshing native plugins compatible for Editor in 0.57 ms, found 1 plugins.
Preloading 0 native plugins for Editor in 0.00 ms.
Unloading 1908 Unused Serialized files (Serialized files now loaded: 0)
System memory in use before: 94.8 MB.
System memory in use after: 94.9 MB.

Unloading 7 unused Assets to reduce memory usage. Loaded Objects now: 2590.
Total: 2.332700 ms (FindLiveObjects: 0.197400 ms CreateObjectMapping: 0.081900 ms MarkObjects: 2.021000 ms  DeleteObjects: 0.030800 ms)

========================================================================
Received Prepare
Registering precompiled user dll's ...
Registered in 0.001477 seconds.
Begin MonoManager ReloadAssembly
Native extension for WindowsStandalone target not found
Native extension for WebGL target not found
Refreshing native plugins compatible for Editor in 0.54 ms, found 1 plugins.
Preloading 0 native plugins for Editor in 0.00 ms.
Mono: successfully reloaded assembly
- Completed reload, in  1.149 seconds
Platform modules already initialized, skipping
Refreshing native plugins compatible for Editor in 0.74 ms, found 1 plugins.
Preloading 0 native plugins for Editor in 0.00 ms.
Unloading 1908 Unused Serialized files (Serialized files now loaded: 0)
System memory in use before: 94.8 MB.
System memory in use after: 94.9 MB.

Unloading 7 unused Assets to reduce memory usage. Loaded Objects now: 2594.
Total: 2.420400 ms (FindLiveObjects: 0.210300 ms CreateObjectMapping: 0.078000 ms MarkObjects: 2.089500 ms  DeleteObjects: 0.041100 ms)

========================================================================
Received Prepare
Registering precompiled user dll's ...
Registered in 0.001506 seconds.
Begin MonoManager ReloadAssembly
Native extension for WindowsStandalone target not found
Native extension for WebGL target not found
Refreshing native plugins compatible for Editor in 0.69 ms, found 1 plugins.
Preloading 0 native plugins for Editor in 0.00 ms.
Mono: successfully reloaded assembly
- Completed reload, in  1.166 seconds
Platform modules already initialized, skipping
Refreshing native plugins compatible for Editor in 0.59 ms, found 1 plugins.
Preloading 0 native plugins for Editor in 0.00 ms.
Unloading 1908 Unused Serialized files (Serialized files now loaded: 0)
System memory in use before: 94.8 MB.
System memory in use after: 94.9 MB.

Unloading 7 unused Assets to reduce memory usage. Loaded Objects now: 2598.
Total: 2.315600 ms (FindLiveObjects: 0.228000 ms CreateObjectMapping: 0.078500 ms MarkObjects: 1.975700 ms  DeleteObjects: 0.031800 ms)

========================================================================
Received Prepare
Registering precompiled user dll's ...
Registered in 0.001391 seconds.
Begin MonoManager ReloadAssembly
Native extension for WindowsStandalone target not found
Native extension for WebGL target not found
Refreshing native plugins compatible for Editor in 0.55 ms, found 1 plugins.
Preloading 0 native plugins for Editor in 0.00 ms.
Mono: successfully reloaded assembly
- Completed reload, in  1.178 seconds
Platform modules already initialized, skipping
Refreshing native plugins compatible for Editor in 0.61 ms, found 1 plugins.
Preloading 0 native plugins for Editor in 0.00 ms.
Unloading 1908 Unused Serialized files (Serialized files now loaded: 0)
System memory in use before: 94.8 MB.
System memory in use after: 94.9 MB.

Unloading 7 unused Assets to reduce memory usage. Loaded Objects now: 2602.
Total: 2.454300 ms (FindLiveObjects: 0.210900 ms CreateObjectMapping: 0.079100 ms MarkObjects: 2.122800 ms  DeleteObjects: 0.035600 ms)

========================================================================
Received Prepare
Registering precompiled user dll's ...
Registered in 0.001427 seconds.
Begin MonoManager ReloadAssembly
Native extension for WindowsStandalone target not found
Native extension for WebGL target not found
Refreshing native plugins compatible for Editor in 0.55 ms, found 1 plugins.
Preloading 0 native plugins for Editor in 0.00 ms.
Mono: successfully reloaded assembly
- Completed reload, in  1.189 seconds
Platform modules already initialized, skipping
Refreshing native plugins compatible for Editor in 0.60 ms, found 1 plugins.
Preloading 0 native plugins for Editor in 0.00 ms.
Unloading 1908 Unused Serialized files (Serialized files now loaded: 0)
System memory in use before: 94.8 MB.
System memory in use after: 94.9 MB.

Unloading 7 unused Assets to reduce memory usage. Loaded Objects now: 2606.
Total: 2.890500 ms (FindLiveObjects: 0.206000 ms CreateObjectMapping: 0.076800 ms MarkObjects: 2.559400 ms  DeleteObjects: 0.046700 ms)

========================================================================
Received Prepare
Registering precompiled user dll's ...
Registered in 0.002286 seconds.
Begin MonoManager ReloadAssembly
Native extension for WindowsStandalone target not found
Native extension for WebGL target not found
Refreshing native plugins compatible for Editor in 0.55 ms, found 1 plugins.
Preloading 0 native plugins for Editor in 0.00 ms.
Mono: successfully reloaded assembly
- Completed reload, in  1.213 seconds
Platform modules already initialized, skipping
Refreshing native plugins compatible for Editor in 0.56 ms, found 1 plugins.
Preloading 0 native plugins for Editor in 0.00 ms.
Unloading 1908 Unused Serialized files (Serialized files now loaded: 0)
System memory in use before: 94.8 MB.
System memory in use after: 95.0 MB.

Unloading 7 unused Assets to reduce memory usage. Loaded Objects now: 2610.
Total: 2.346200 ms (FindLiveObjects: 0.200800 ms CreateObjectMapping: 0.076400 ms MarkObjects: 2.034500 ms  DeleteObjects: 0.032900 ms)

========================================================================
Received Prepare
Registering precompiled user dll's ...
Registered in 0.001436 seconds.
Begin MonoManager ReloadAssembly
Native extension for WindowsStandalone target not found
Native extension for WebGL target not found
Refreshing native plugins compatible for Editor in 0.53 ms, found 1 plugins.
Preloading 0 native plugins for Editor in 0.00 ms.
Mono: successfully reloaded assembly
- Completed reload, in  1.153 seconds
Platform modules already initialized, skipping
Refreshing native plugins compatible for Editor in 0.58 ms, found 1 plugins.
Preloading 0 native plugins for Editor in 0.00 ms.
Unloading 1908 Unused Serialized files (Serialized files now loaded: 0)
System memory in use before: 94.8 MB.
System memory in use after: 95.0 MB.

Unloading 7 unused Assets to reduce memory usage. Loaded Objects now: 2614.
Total: 2.300000 ms (FindLiveObjects: 0.203600 ms CreateObjectMapping: 0.077700 ms MarkObjects: 1.986600 ms  DeleteObjects: 0.030600 ms)

========================================================================
Received Prepare
Registering precompiled user dll's ...
Registered in 0.001496 seconds.
Begin MonoManager ReloadAssembly
Native extension for WindowsStandalone target not found
Native extension for WebGL target not found
Refreshing native plugins compatible for Editor in 0.55 ms, found 1 plugins.
Preloading 0 native plugins for Editor in 0.00 ms.
Mono: successfully reloaded assembly
- Completed reload, in  1.179 seconds
Platform modules already initialized, skipping
Refreshing native plugins compatible for Editor in 0.57 ms, found 1 plugins.
Preloading 0 native plugins for Editor in 0.00 ms.
Unloading 1908 Unused Serialized files (Serialized files now loaded: 0)
System memory in use before: 94.9 MB.
System memory in use after: 95.0 MB.

Unloading 7 unused Assets to reduce memory usage. Loaded Objects now: 2618.
Total: 2.340200 ms (FindLiveObjects: 0.205600 ms CreateObjectMapping: 0.074500 ms MarkObjects: 2.041300 ms  DeleteObjects: 0.017200 ms)

========================================================================
Received Prepare
Registering precompiled user dll's ...
Registered in 0.001521 seconds.
Begin MonoManager ReloadAssembly
Native extension for WindowsStandalone target not found
Native extension for WebGL target not found
Refreshing native plugins compatible for Editor in 0.54 ms, found 1 plugins.
Preloading 0 native plugins for Editor in 0.00 ms.
Mono: successfully reloaded assembly
- Completed reload, in  1.158 seconds
Platform modules already initialized, skipping
Refreshing native plugins compatible for Editor in 0.57 ms, found 1 plugins.
Preloading 0 native plugins for Editor in 0.00 ms.
Unloading 1908 Unused Serialized files (Serialized files now loaded: 0)
System memory in use before: 94.9 MB.
System memory in use after: 95.0 MB.

Unloading 7 unused Assets to reduce memory usage. Loaded Objects now: 2622.
Total: 2.292600 ms (FindLiveObjects: 0.202400 ms CreateObjectMapping: 0.075400 ms MarkObjects: 1.990100 ms  DeleteObjects: 0.023300 ms)

========================================================================
Received Prepare
Registering precompiled user dll's ...
Registered in 0.001443 seconds.
Begin MonoManager ReloadAssembly
Native extension for WindowsStandalone target not found
Native extension for WebGL target not found
Refreshing native plugins compatible for Editor in 0.56 ms, found 1 plugins.
Preloading 0 native plugins for Editor in 0.00 ms.
Mono: successfully reloaded assembly
- Completed reload, in  1.234 seconds
Platform modules already initialized, skipping
Refreshing native plugins compatible for Editor in 0.57 ms, found 1 plugins.
Preloading 0 native plugins for Editor in 0.00 ms.
Unloading 1908 Unused Serialized files (Serialized files now loaded: 0)
System memory in use before: 94.9 MB.
System memory in use after: 95.0 MB.

Unloading 7 unused Assets to reduce memory usage. Loaded Objects now: 2626.
Total: 2.326100 ms (FindLiveObjects: 0.205700 ms CreateObjectMapping: 0.075800 ms MarkObjects: 2.019400 ms  DeleteObjects: 0.023800 ms)

========================================================================
Received Prepare
Registering precompiled user dll's ...
Registered in 0.001778 seconds.
Begin MonoManager ReloadAssembly
Native extension for WindowsStandalone target not found
Native extension for WebGL target not found
Refreshing native plugins compatible for Editor in 0.64 ms, found 1 plugins.
Preloading 0 native plugins for Editor in 0.00 ms.
Mono: successfully reloaded assembly
- Completed reload, in  1.175 seconds
Platform modules already initialized, skipping
Refreshing native plugins compatible for Editor in 0.56 ms, found 1 plugins.
Preloading 0 native plugins for Editor in 0.00 ms.
Unloading 1908 Unused Serialized files (Serialized files now loaded: 0)
System memory in use before: 94.9 MB.
System memory in use after: 95.0 MB.

Unloading 7 unused Assets to reduce memory usage. Loaded Objects now: 2630.
Total: 2.348600 ms (FindLiveObjects: 0.219000 ms CreateObjectMapping: 0.087400 ms MarkObjects: 2.016400 ms  DeleteObjects: 0.024600 ms)

========================================================================
Received Prepare
Registering precompiled user dll's ...
Registered in 0.001477 seconds.
Begin MonoManager ReloadAssembly
Native extension for WindowsStandalone target not found
Native extension for WebGL target not found
Refreshing native plugins compatible for Editor in 0.58 ms, found 1 plugins.
Preloading 0 native plugins for Editor in 0.00 ms.
Mono: successfully reloaded assembly
- Completed reload, in  1.211 seconds
Platform modules already initialized, skipping
Refreshing native plugins compatible for Editor in 0.98 ms, found 1 plugins.
Preloading 0 native plugins for Editor in 0.00 ms.
Unloading 1908 Unused Serialized files (Serialized files now loaded: 0)
System memory in use before: 94.9 MB.
System memory in use after: 95.0 MB.

Unloading 7 unused Assets to reduce memory usage. Loaded Objects now: 2634.
Total: 3.424700 ms (FindLiveObjects: 0.212400 ms CreateObjectMapping: 0.095400 ms MarkObjects: 3.091600 ms  DeleteObjects: 0.023400 ms)

========================================================================
Received Prepare
Registering precompiled user dll's ...
Registered in 0.001907 seconds.
Begin MonoManager ReloadAssembly
Native extension for WindowsStandalone target not found
Native extension for WebGL target not found
Refreshing native plugins compatible for Editor in 0.56 ms, found 1 plugins.
Preloading 0 native plugins for Editor in 0.00 ms.
Mono: successfully reloaded assembly
- Completed reload, in  1.179 seconds
Platform modules already initialized, skipping
Refreshing native plugins compatible for Editor in 0.57 ms, found 1 plugins.
Preloading 0 native plugins for Editor in 0.00 ms.
Unloading 1908 Unused Serialized files (Serialized files now loaded: 0)
System memory in use before: 94.9 MB.
System memory in use after: 95.0 MB.

Unloading 7 unused Assets to reduce memory usage. Loaded Objects now: 2638.
Total: 2.386200 ms (FindLiveObjects: 0.216400 ms CreateObjectMapping: 0.074700 ms MarkObjects: 2.076500 ms  DeleteObjects: 0.017300 ms)

========================================================================
Received Prepare
Registering precompiled user dll's ...
Registered in 0.001603 seconds.
Begin MonoManager ReloadAssembly
Native extension for WindowsStandalone target not found
Native extension for WebGL target not found
Refreshing native plugins compatible for Editor in 0.60 ms, found 1 plugins.
Preloading 0 native plugins for Editor in 0.00 ms.
Mono: successfully reloaded assembly
- Completed reload, in  1.177 seconds
Platform modules already initialized, skipping
Refreshing native plugins compatible for Editor in 0.56 ms, found 1 plugins.
Preloading 0 native plugins for Editor in 0.00 ms.
Unloading 1908 Unused Serialized files (Serialized files now loaded: 0)
System memory in use before: 94.9 MB.
System memory in use after: 95.0 MB.

Unloading 7 unused Assets to reduce memory usage. Loaded Objects now: 2642.
Total: 2.442700 ms (FindLiveObjects: 0.257100 ms CreateObjectMapping: 0.100600 ms MarkObjects: 2.065800 ms  DeleteObjects: 0.017800 ms)

========================================================================
Received Prepare
Registering precompiled user dll's ...
Registered in 0.001546 seconds.
Begin MonoManager ReloadAssembly
Native extension for WindowsStandalone target not found
Native extension for WebGL target not found
Refreshing native plugins compatible for Editor in 0.58 ms, found 1 plugins.
Preloading 0 native plugins for Editor in 0.00 ms.
Mono: successfully reloaded assembly
- Completed reload, in  1.170 seconds
Platform modules already initialized, skipping
Refreshing native plugins compatible for Editor in 0.58 ms, found 1 plugins.
Preloading 0 native plugins for Editor in 0.00 ms.
Unloading 1908 Unused Serialized files (Serialized files now loaded: 0)
System memory in use before: 94.9 MB.
System memory in use after: 95.0 MB.

Unloading 7 unused Assets to reduce memory usage. Loaded Objects now: 2646.
Total: 2.321200 ms (FindLiveObjects: 0.205100 ms CreateObjectMapping: 0.077400 ms MarkObjects: 2.011800 ms  DeleteObjects: 0.025600 ms)

========================================================================
Received Prepare
Registering precompiled user dll's ...
Registered in 0.001380 seconds.
Begin MonoManager ReloadAssembly
Native extension for WindowsStandalone target not found
Native extension for WebGL target not found
Refreshing native plugins compatible for Editor in 0.71 ms, found 1 plugins.
Preloading 0 native plugins for Editor in 0.00 ms.
Mono: successfully reloaded assembly
- Completed reload, in  1.142 seconds
Platform modules already initialized, skipping
Refreshing native plugins compatible for Editor in 0.61 ms, found 1 plugins.
Preloading 0 native plugins for Editor in 0.00 ms.
Unloading 1908 Unused Serialized files (Serialized files now loaded: 0)
System memory in use before: 94.9 MB.
System memory in use after: 95.0 MB.

Unloading 7 unused Assets to reduce memory usage. Loaded Objects now: 2650.
Total: 2.357500 ms (FindLiveObjects: 0.224800 ms CreateObjectMapping: 0.077600 ms MarkObjects: 2.036800 ms  DeleteObjects: 0.017000 ms)

========================================================================
Received Prepare
Registering precompiled user dll's ...
Registered in 0.001725 seconds.
Begin MonoManager ReloadAssembly
Native extension for WindowsStandalone target not found
Native extension for WebGL target not found
Refreshing native plugins compatible for Editor in 0.56 ms, found 1 plugins.
Preloading 0 native plugins for Editor in 0.00 ms.
Mono: successfully reloaded assembly
- Completed reload, in  1.145 seconds
Platform modules already initialized, skipping
Refreshing native plugins compatible for Editor in 0.58 ms, found 1 plugins.
Preloading 0 native plugins for Editor in 0.00 ms.
Unloading 1908 Unused Serialized files (Serialized files now loaded: 0)
System memory in use before: 94.9 MB.
System memory in use after: 95.1 MB.

Unloading 7 unused Assets to reduce memory usage. Loaded Objects now: 2654.
Total: 2.405700 ms (FindLiveObjects: 0.226700 ms CreateObjectMapping: 0.082700 ms MarkObjects: 2.077500 ms  DeleteObjects: 0.017600 ms)

========================================================================
Received Prepare
Registering precompiled user dll's ...
Registered in 0.001462 seconds.
Begin MonoManager ReloadAssembly
Native extension for WindowsStandalone target not found
Native extension for WebGL target not found
Refreshing native plugins compatible for Editor in 0.54 ms, found 1 plugins.
Preloading 0 native plugins for Editor in 0.00 ms.
Mono: successfully reloaded assembly
- Completed reload, in  1.144 seconds
Platform modules already initialized, skipping
Refreshing native plugins compatible for Editor in 0.56 ms, found 1 plugins.
Preloading 0 native plugins for Editor in 0.00 ms.
Unloading 1908 Unused Serialized files (Serialized files now loaded: 0)
System memory in use before: 94.9 MB.
System memory in use after: 95.1 MB.

Unloading 7 unused Assets to reduce memory usage. Loaded Objects now: 2658.
Total: 2.461200 ms (FindLiveObjects: 0.204100 ms CreateObjectMapping: 0.075000 ms MarkObjects: 2.162600 ms  DeleteObjects: 0.018100 ms)

========================================================================
Received Prepare
Registering precompiled user dll's ...
Registered in 0.001382 seconds.
Begin MonoManager ReloadAssembly
Native extension for WindowsStandalone target not found
Native extension for WebGL target not found
Refreshing native plugins compatible for Editor in 0.54 ms, found 1 plugins.
Preloading 0 native plugins for Editor in 0.00 ms.
Mono: successfully reloaded assembly
- Completed reload, in  1.158 seconds
Platform modules already initialized, skipping
Refreshing native plugins compatible for Editor in 0.66 ms, found 1 plugins.
Preloading 0 native plugins for Editor in 0.00 ms.
Unloading 1908 Unused Serialized files (Serialized files now loaded: 0)
System memory in use before: 95.1 MB.
System memory in use after: 95.2 MB.

Unloading 7 unused Assets to reduce memory usage. Loaded Objects now: 2662.
Total: 2.515600 ms (FindLiveObjects: 0.232200 ms CreateObjectMapping: 0.081600 ms MarkObjects: 2.172500 ms  DeleteObjects: 0.027700 ms)

========================================================================
Received Prepare
Registering precompiled user dll's ...
Registered in 0.001376 seconds.
Begin MonoManager ReloadAssembly
Native extension for WindowsStandalone target not found
Native extension for WebGL target not found
Refreshing native plugins compatible for Editor in 0.59 ms, found 1 plugins.
Preloading 0 native plugins for Editor in 0.00 ms.
Mono: successfully reloaded assembly
- Completed reload, in  1.158 seconds
Platform modules already initialized, skipping
Refreshing native plugins compatible for Editor in 0.56 ms, found 1 plugins.
Preloading 0 native plugins for Editor in 0.00 ms.
Unloading 1908 Unused Serialized files (Serialized files now loaded: 0)
System memory in use before: 95.0 MB.
System memory in use after: 95.1 MB.

Unloading 7 unused Assets to reduce memory usage. Loaded Objects now: 2666.
Total: 2.352400 ms (FindLiveObjects: 0.220400 ms CreateObjectMapping: 0.082300 ms MarkObjects: 2.031500 ms  DeleteObjects: 0.016900 ms)

========================================================================
Received Prepare
Registering precompiled user dll's ...
Registered in 0.001425 seconds.
Begin MonoManager ReloadAssembly
Native extension for WindowsStandalone target not found
Native extension for WebGL target not found
Refreshing native plugins compatible for Editor in 0.64 ms, found 1 plugins.
Preloading 0 native plugins for Editor in 0.00 ms.
Mono: successfully reloaded assembly
- Completed reload, in  1.242 seconds
Platform modules already initialized, skipping
Refreshing native plugins compatible for Editor in 0.61 ms, found 1 plugins.
Preloading 0 native plugins for Editor in 0.00 ms.
Unloading 1908 Unused Serialized files (Serialized files now loaded: 0)
System memory in use before: 95.0 MB.
System memory in use after: 95.1 MB.

Unloading 7 unused Assets to reduce memory usage. Loaded Objects now: 2670.
Total: 2.405800 ms (FindLiveObjects: 0.203100 ms CreateObjectMapping: 0.076500 ms MarkObjects: 2.101400 ms  DeleteObjects: 0.023400 ms)

========================================================================
Received Prepare
Registering precompiled user dll's ...
Registered in 0.001506 seconds.
Begin MonoManager ReloadAssembly
Native extension for WindowsStandalone target not found
Native extension for WebGL target not found
Refreshing native plugins compatible for Editor in 0.56 ms, found 1 plugins.
Preloading 0 native plugins for Editor in 0.00 ms.
Mono: successfully reloaded assembly
- Completed reload, in  1.138 seconds
Platform modules already initialized, skipping
Refreshing native plugins compatible for Editor in 0.57 ms, found 1 plugins.
Preloading 0 native plugins for Editor in 0.00 ms.
Unloading 1908 Unused Serialized files (Serialized files now loaded: 0)
System memory in use before: 95.0 MB.
System memory in use after: 95.1 MB.

Unloading 7 unused Assets to reduce memory usage. Loaded Objects now: 2674.
Total: 2.297500 ms (FindLiveObjects: 0.213500 ms CreateObjectMapping: 0.075500 ms MarkObjects: 1.982200 ms  DeleteObjects: 0.024800 ms)

========================================================================
Received Prepare
Registering precompiled user dll's ...
Registered in 0.001320 seconds.
Begin MonoManager ReloadAssembly
Native extension for WindowsStandalone target not found
Native extension for WebGL target not found
Refreshing native plugins compatible for Editor in 0.57 ms, found 1 plugins.
Preloading 0 native plugins for Editor in 0.00 ms.
Mono: successfully reloaded assembly
- Completed reload, in  1.210 seconds
Platform modules already initialized, skipping
Refreshing native plugins compatible for Editor in 0.55 ms, found 1 plugins.
Preloading 0 native plugins for Editor in 0.00 ms.
Unloading 1908 Unused Serialized files (Serialized files now loaded: 0)
System memory in use before: 95.0 MB.
System memory in use after: 95.1 MB.

Unloading 7 unused Assets to reduce memory usage. Loaded Objects now: 2678.
Total: 2.304500 ms (FindLiveObjects: 0.222500 ms CreateObjectMapping: 0.079400 ms MarkObjects: 1.977500 ms  DeleteObjects: 0.023700 ms)

========================================================================
Received Prepare
Registering precompiled user dll's ...
Registered in 0.001421 seconds.
Begin MonoManager ReloadAssembly
Native extension for WindowsStandalone target not found
Native extension for WebGL target not found
Refreshing native plugins compatible for Editor in 0.55 ms, found 1 plugins.
Preloading 0 native plugins for Editor in 0.00 ms.
Mono: successfully reloaded assembly
- Completed reload, in  1.144 seconds
Platform modules already initialized, skipping
Refreshing native plugins compatible for Editor in 0.57 ms, found 1 plugins.
Preloading 0 native plugins for Editor in 0.00 ms.
Unloading 1908 Unused Serialized files (Serialized files now loaded: 0)
System memory in use before: 95.0 MB.
System memory in use after: 95.1 MB.

Unloading 7 unused Assets to reduce memory usage. Loaded Objects now: 2682.
Total: 2.376600 ms (FindLiveObjects: 0.210000 ms CreateObjectMapping: 0.077800 ms MarkObjects: 2.063300 ms  DeleteObjects: 0.024200 ms)

========================================================================
Received Prepare
Registering precompiled user dll's ...
Registered in 0.001609 seconds.
Begin MonoManager ReloadAssembly
Native extension for WindowsStandalone target not found
Native extension for WebGL target not found
Refreshing native plugins compatible for Editor in 0.55 ms, found 1 plugins.
Preloading 0 native plugins for Editor in 0.00 ms.
Mono: successfully reloaded assembly
- Completed reload, in  1.174 seconds
Platform modules already initialized, skipping
Refreshing native plugins compatible for Editor in 0.57 ms, found 1 plugins.
Preloading 0 native plugins for Editor in 0.00 ms.
Unloading 1908 Unused Serialized files (Serialized files now loaded: 0)
System memory in use before: 95.0 MB.
System memory in use after: 95.1 MB.

Unloading 7 unused Assets to reduce memory usage. Loaded Objects now: 2686.
Total: 2.445100 ms (FindLiveObjects: 0.220500 ms CreateObjectMapping: 0.080200 ms MarkObjects: 2.124300 ms  DeleteObjects: 0.018600 ms)

========================================================================
Received Prepare
Registering precompiled user dll's ...
Registered in 0.002263 seconds.
Begin MonoManager ReloadAssembly
Native extension for WindowsStandalone target not found
Native extension for WebGL target not found
Refreshing native plugins compatible for Editor in 0.65 ms, found 1 plugins.
Preloading 0 native plugins for Editor in 0.00 ms.
Mono: successfully reloaded assembly
- Completed reload, in  1.231 seconds
Platform modules already initialized, skipping
Refreshing native plugins compatible for Editor in 0.55 ms, found 1 plugins.
Preloading 0 native plugins for Editor in 0.00 ms.
Unloading 1908 Unused Serialized files (Serialized files now loaded: 0)
System memory in use before: 95.0 MB.
System memory in use after: 95.1 MB.

Unloading 7 unused Assets to reduce memory usage. Loaded Objects now: 2690.
Total: 2.558300 ms (FindLiveObjects: 0.212900 ms CreateObjectMapping: 0.076600 ms MarkObjects: 2.249600 ms  DeleteObjects: 0.017700 ms)

========================================================================
Received Prepare
Registering precompiled user dll's ...
Registered in 0.001563 seconds.
Begin MonoManager ReloadAssembly
Native extension for WindowsStandalone target not found
Native extension for WebGL target not found
Refreshing native plugins compatible for Editor in 0.55 ms, found 1 plugins.
Preloading 0 native plugins for Editor in 0.00 ms.
Mono: successfully reloaded assembly
- Completed reload, in  1.192 seconds
Platform modules already initialized, skipping
Refreshing native plugins compatible for Editor in 0.58 ms, found 1 plugins.
Preloading 0 native plugins for Editor in 0.00 ms.
Unloading 1908 Unused Serialized files (Serialized files now loaded: 0)
System memory in use before: 95.1 MB.
System memory in use after: 95.2 MB.

Unloading 7 unused Assets to reduce memory usage. Loaded Objects now: 2694.
Total: 2.302100 ms (FindLiveObjects: 0.234300 ms CreateObjectMapping: 0.081400 ms MarkObjects: 1.952600 ms  DeleteObjects: 0.032100 ms)

========================================================================
Received Prepare
Registering precompiled user dll's ...
Registered in 0.001431 seconds.
Begin MonoManager ReloadAssembly
Native extension for WindowsStandalone target not found
Native extension for WebGL target not found
Refreshing native plugins compatible for Editor in 0.79 ms, found 1 plugins.
Preloading 0 native plugins for Editor in 0.00 ms.
Mono: successfully reloaded assembly
- Completed reload, in  1.171 seconds
Platform modules already initialized, skipping
Refreshing native plugins compatible for Editor in 0.59 ms, found 1 plugins.
Preloading 0 native plugins for Editor in 0.00 ms.
Unloading 1908 Unused Serialized files (Serialized files now loaded: 0)
System memory in use before: 95.0 MB.
System memory in use after: 95.2 MB.

Unloading 7 unused Assets to reduce memory usage. Loaded Objects now: 2698.
Total: 2.215000 ms (FindLiveObjects: 0.221000 ms CreateObjectMapping: 0.075600 ms MarkObjects: 1.892100 ms  DeleteObjects: 0.024900 ms)

========================================================================
Received Prepare
Registering precompiled user dll's ...
Registered in 0.001714 seconds.
Begin MonoManager ReloadAssembly
Native extension for WindowsStandalone target not found
Native extension for WebGL target not found
Refreshing native plugins compatible for Editor in 0.56 ms, found 1 plugins.
Preloading 0 native plugins for Editor in 0.00 ms.
Mono: successfully reloaded assembly
- Completed reload, in  1.207 seconds
Platform modules already initialized, skipping
Refreshing native plugins compatible for Editor in 0.55 ms, found 1 plugins.
Preloading 0 native plugins for Editor in 0.00 ms.
Unloading 1908 Unused Serialized files (Serialized files now loaded: 0)
System memory in use before: 95.0 MB.
System memory in use after: 95.2 MB.

Unloading 7 unused Assets to reduce memory usage. Loaded Objects now: 2702.
Total: 2.583700 ms (FindLiveObjects: 0.212800 ms CreateObjectMapping: 0.075900 ms MarkObjects: 2.276500 ms  DeleteObjects: 0.016700 ms)

========================================================================
Received Prepare
Registering precompiled user dll's ...
Registered in 0.001464 seconds.
Begin MonoManager ReloadAssembly
Native extension for WindowsStandalone target not found
Native extension for WebGL target not found
Refreshing native plugins compatible for Editor in 0.62 ms, found 1 plugins.
Preloading 0 native plugins for Editor in 0.00 ms.
Mono: successfully reloaded assembly
- Completed reload, in  1.173 seconds
Platform modules already initialized, skipping
Refreshing native plugins compatible for Editor in 0.57 ms, found 1 plugins.
Preloading 0 native plugins for Editor in 0.00 ms.
Unloading 1908 Unused Serialized files (Serialized files now loaded: 0)
System memory in use before: 95.0 MB.
System memory in use after: 95.2 MB.

Unloading 7 unused Assets to reduce memory usage. Loaded Objects now: 2706.
Total: 2.400400 ms (FindLiveObjects: 0.214500 ms CreateObjectMapping: 0.078300 ms MarkObjects: 2.088700 ms  DeleteObjects: 0.017400 ms)

========================================================================
Received Prepare
Registering precompiled user dll's ...
Registered in 0.001422 seconds.
Begin MonoManager ReloadAssembly
Native extension for WindowsStandalone target not found
Native extension for WebGL target not found
Refreshing native plugins compatible for Editor in 0.55 ms, found 1 plugins.
Preloading 0 native plugins for Editor in 0.00 ms.
Mono: successfully reloaded assembly
- Completed reload, in  1.127 seconds
Platform modules already initialized, skipping
Refreshing native plugins compatible for Editor in 0.55 ms, found 1 plugins.
Preloading 0 native plugins for Editor in 0.00 ms.
Unloading 1908 Unused Serialized files (Serialized files now loaded: 0)
System memory in use before: 95.2 MB.
System memory in use after: 95.3 MB.

Unloading 7 unused Assets to reduce memory usage. Loaded Objects now: 2710.
Total: 2.433800 ms (FindLiveObjects: 0.229900 ms CreateObjectMapping: 0.078600 ms MarkObjects: 2.078800 ms  DeleteObjects: 0.045100 ms)

========================================================================
Received Prepare
Registering precompiled user dll's ...
Registered in 0.001569 seconds.
Begin MonoManager ReloadAssembly
Native extension for WindowsStandalone target not found
Native extension for WebGL target not found
Refreshing native plugins compatible for Editor in 0.59 ms, found 1 plugins.
Preloading 0 native plugins for Editor in 0.00 ms.
Mono: successfully reloaded assembly
- Completed reload, in  1.175 seconds
Platform modules already initialized, skipping
Refreshing native plugins compatible for Editor in 0.56 ms, found 1 plugins.
Preloading 0 native plugins for Editor in 0.00 ms.
Unloading 1908 Unused Serialized files (Serialized files now loaded: 0)
System memory in use before: 95.1 MB.
System memory in use after: 95.2 MB.

Unloading 7 unused Assets to reduce memory usage. Loaded Objects now: 2714.
Total: 2.360600 ms (FindLiveObjects: 0.232900 ms CreateObjectMapping: 0.078300 ms MarkObjects: 2.021600 ms  DeleteObjects: 0.026400 ms)

========================================================================
Received Prepare
Registering precompiled user dll's ...
Registered in 0.001577 seconds.
Begin MonoManager ReloadAssembly
Native extension for WindowsStandalone target not found
Native extension for WebGL target not found
Refreshing native plugins compatible for Editor in 0.57 ms, found 1 plugins.
Preloading 0 native plugins for Editor in 0.00 ms.
Mono: successfully reloaded assembly
- Completed reload, in  1.175 seconds
Platform modules already initialized, skipping
Refreshing native plugins compatible for Editor in 0.60 ms, found 1 plugins.
Preloading 0 native plugins for Editor in 0.00 ms.
Unloading 1908 Unused Serialized files (Serialized files now loaded: 0)
System memory in use before: 95.2 MB.
System memory in use after: 95.3 MB.

Unloading 7 unused Assets to reduce memory usage. Loaded Objects now: 2718.
Total: 2.406100 ms (FindLiveObjects: 0.254900 ms CreateObjectMapping: 0.080800 ms MarkObjects: 2.034100 ms  DeleteObjects: 0.034800 ms)

========================================================================
Received Prepare
Registering precompiled user dll's ...
Registered in 0.001563 seconds.
Begin MonoManager ReloadAssembly
Native extension for WindowsStandalone target not found
Native extension for WebGL target not found
Refreshing native plugins compatible for Editor in 0.55 ms, found 1 plugins.
Preloading 0 native plugins for Editor in 0.00 ms.
Mono: successfully reloaded assembly
- Completed reload, in  1.170 seconds
Platform modules already initialized, skipping
Refreshing native plugins compatible for Editor in 0.64 ms, found 1 plugins.
Preloading 0 native plugins for Editor in 0.00 ms.
Unloading 1908 Unused Serialized files (Serialized files now loaded: 0)
System memory in use before: 95.2 MB.
System memory in use after: 95.3 MB.

Unloading 7 unused Assets to reduce memory usage. Loaded Objects now: 2722.
Total: 2.323500 ms (FindLiveObjects: 0.243500 ms CreateObjectMapping: 0.079400 ms MarkObjects: 1.973300 ms  DeleteObjects: 0.025800 ms)

========================================================================
Received Prepare
Registering precompiled user dll's ...
Registered in 0.001514 seconds.
Begin MonoManager ReloadAssembly
Native extension for WindowsStandalone target not found
Native extension for WebGL target not found
Refreshing native plugins compatible for Editor in 0.56 ms, found 1 plugins.
Preloading 0 native plugins for Editor in 0.00 ms.
Mono: successfully reloaded assembly
- Completed reload, in  1.229 seconds
Platform modules already initialized, skipping
Refreshing native plugins compatible for Editor in 0.59 ms, found 1 plugins.
Preloading 0 native plugins for Editor in 0.00 ms.
Unloading 1908 Unused Serialized files (Serialized files now loaded: 0)
System memory in use before: 95.2 MB.
System memory in use after: 95.3 MB.

Unloading 7 unused Assets to reduce memory usage. Loaded Objects now: 2726.
Total: 2.388800 ms (FindLiveObjects: 0.258800 ms CreateObjectMapping: 0.078400 ms MarkObjects: 2.021200 ms  DeleteObjects: 0.028900 ms)

========================================================================
Received Prepare
Registering precompiled user dll's ...
Registered in 0.001567 seconds.
Begin MonoManager ReloadAssembly
Native extension for WindowsStandalone target not found
Native extension for WebGL target not found
Refreshing native plugins compatible for Editor in 0.55 ms, found 1 plugins.
Preloading 0 native plugins for Editor in 0.00 ms.
Mono: successfully reloaded assembly
- Completed reload, in  1.148 seconds
Platform modules already initialized, skipping
Refreshing native plugins compatible for Editor in 0.56 ms, found 1 plugins.
Preloading 0 native plugins for Editor in 0.00 ms.
Unloading 1908 Unused Serialized files (Serialized files now loaded: 0)
System memory in use before: 95.2 MB.
System memory in use after: 95.4 MB.

Unloading 7 unused Assets to reduce memory usage. Loaded Objects now: 2730.
Total: 2.504500 ms (FindLiveObjects: 0.237300 ms CreateObjectMapping: 0.093700 ms MarkObjects: 2.148300 ms  DeleteObjects: 0.023500 ms)

AssetImportWorkerClient::OnTransportError - code=2 error=End of file
